<?xml version="1.0" encoding="UTF-8" ?>
<testsuite failures="0" time="0.003" errors="0" skipped="0" tests="2" name="org.librae.common.util.DateUtilTest">
  <properties>
    <property name="java.runtime.name" value="Java(TM) SE Runtime Environment"/>
    <property name="sun.boot.library.path" value="C:\J2EE\jdk\jdk1.6.0_17\jre\bin"/>
    <property name="java.vm.version" value="14.3-b01"/>
    <property name="java.vm.vendor" value="Sun Microsystems Inc."/>
    <property name="java.vendor.url" value="http://java.sun.com/"/>
    <property name="path.separator" value=";"/>
    <property name="java.vm.name" value="Java HotSpot(TM) Client VM"/>
    <property name="file.encoding.pkg" value="sun.io"/>
    <property name="user.country" value="ES"/>
    <property name="sun.java.launcher" value="SUN_STANDARD"/>
    <property name="sun.os.patch.level" value=""/>
    <property name="java.vm.specification.name" value="Java Virtual Machine Specification"/>
    <property name="user.dir" value="C:\PFC\crudfw\crudfw-commons\crudfw-common-core"/>
    <property name="java.runtime.version" value="1.6.0_17-b04"/>
    <property name="java.awt.graphicsenv" value="sun.awt.Win32GraphicsEnvironment"/>
    <property name="basedir" value="C:\PFC\crudfw\crudfw-commons\crudfw-common-core"/>
    <property name="java.endorsed.dirs" value="C:\J2EE\jdk\jdk1.6.0_17\jre\lib\endorsed"/>
    <property name="os.arch" value="x86"/>
    <property name="surefire.real.class.path" value="C:\Users\cyague\AppData\Local\Temp\surefirebooter117128515483465664.jar"/>
    <property name="java.io.tmpdir" value="C:\Users\cyague\AppData\Local\Temp\"/>
    <property name="line.separator" value="
"/>
    <property name="java.vm.specification.vendor" value="Sun Microsystems Inc."/>
    <property name="user.variant" value=""/>
    <property name="os.name" value="Windows 7"/>
    <property name="sun.jnu.encoding" value="Cp1252"/>
    <property name="java.library.path" value="C:\J2EE\jdk\jdk1.6.0_17\jre\bin;.;C:\Windows\Sun\Java\bin;C:\Windows\system32;C:\Windows;C:\oracle\product\10.2.0\client_1\bin;C:\Program Files\CollabNet Subversion Client;C:\Windows\system32;C:\Windows;C:\Windows\System32\Wbem;C:\Windows\System32\WindowsPowerShell\v1.0\;c:\Program Files\Intel\WiFi\bin\;c:\Program Files\Common Files\Intel\WirelessCommon\;C:\Program Files\NTRU Cryptosystems\NTRU TCG Software Stack\bin\;C:\Program Files\Wave Systems Corp\Gemalto\Access Client\v5\;C:\Program Files\Common Files\Roxio Shared\DLLShared\;C:\Program Files\Common Files\Roxio Shared\10.0\DLLShared\;C:\Program Files\MySQL\MySQL Server 5.0\bin;C:\oracle\product\10.2.0\client_1\bin;C:\Program Files\CollabNet Subversion Client;C:\Windows\system32;C:\Windows;C:\Windows\System32\Wbem;C:\Windows\System32\WindowsPowerShell\v1.0\;c:\Program Files\Intel\WiFi\bin\;c:\Program Files\Common Files\Intel\WirelessCommon\;C:\Program Files\NTRU Cryptosystems\NTRU TCG Software Stack\bin\;C:\Program Files\Wave Systems Corp\Gemalto\Access Client\v5\;C:\Program Files\Common Files\Roxio Shared\DLLShared\;C:\Program Files\Common Files\Roxio Shared\10.0\DLLShared\;C:\Program Files\MySQL\MySQL Server 5.0\bin;C:\J2EE\apache-maven\apache-maven-2.2.1\bin;"/>
    <property name="surefire.test.class.path" value="C:\PFC\crudfw\crudfw-commons\crudfw-common-core\target\test-classes;C:\PFC\crudfw\crudfw-commons\crudfw-common-core\target\classes;C:\PFC\crudfw\crudfw-commons\crudfw-common-utils\target\crudfw-common-utils-1.0-SNAPSHOT.jar;C:\J2EE\apache-maven\repository\org\springframework\spring-jdbc\2.5.6.SEC01\spring-jdbc-2.5.6.SEC01.jar;C:\J2EE\apache-maven\repository\commons-logging\commons-logging\1.1.1\commons-logging-1.1.1.jar;C:\J2EE\apache-maven\repository\org\springframework\spring-beans\2.5.6.SEC01\spring-beans-2.5.6.SEC01.jar;C:\J2EE\apache-maven\repository\org\springframework\spring-core\2.5.6.SEC01\spring-core-2.5.6.SEC01.jar;C:\J2EE\apache-maven\repository\org\springframework\spring-context\2.5.6.SEC01\spring-context-2.5.6.SEC01.jar;C:\J2EE\apache-maven\repository\aopalliance\aopalliance\1.0\aopalliance-1.0.jar;C:\J2EE\apache-maven\repository\org\springframework\spring-tx\2.5.6.SEC01\spring-tx-2.5.6.SEC01.jar;C:\J2EE\apache-maven\repository\org\springframework\spring-orm\2.5.6.SEC01\spring-orm-2.5.6.SEC01.jar;C:\J2EE\apache-maven\repository\org\springframework\spring-aop\2.5.6.SEC01\spring-aop-2.5.6.SEC01.jar;C:\J2EE\apache-maven\repository\org\hibernate\hibernate-core\3.3.2.GA\hibernate-core-3.3.2.GA.jar;C:\J2EE\apache-maven\repository\antlr\antlr\2.7.6\antlr-2.7.6.jar;C:\J2EE\apache-maven\repository\dom4j\dom4j\1.6.1\dom4j-1.6.1.jar;C:\J2EE\apache-maven\repository\xml-apis\xml-apis\1.3.03\xml-apis-1.3.03.jar;C:\J2EE\apache-maven\repository\javax\transaction\jta\1.1\jta-1.1.jar;C:\J2EE\apache-maven\repository\org\slf4j\slf4j-api\1.5.6\slf4j-api-1.5.6.jar;C:\J2EE\apache-maven\repository\javax\persistence\persistence-api\1.0\persistence-api-1.0.jar;C:\J2EE\apache-maven\repository\org\hibernate\hibernate-annotations\3.4.0.GA\hibernate-annotations-3.4.0.GA.jar;C:\J2EE\apache-maven\repository\org\hibernate\ejb3-persistence\1.0.2.GA\ejb3-persistence-1.0.2.GA.jar;C:\J2EE\apache-maven\repository\org\hibernate\hibernate-commons-annotations\3.1.0.GA\hibernate-commons-annotations-3.1.0.GA.jar;C:\J2EE\apache-maven\repository\org\springframework\spring-aspects\2.5.6.SEC01\spring-aspects-2.5.6.SEC01.jar;C:\J2EE\apache-maven\repository\org\aspectj\aspectjrt\1.6.1\aspectjrt-1.6.1.jar;C:\J2EE\apache-maven\repository\org\aspectj\aspectjweaver\1.6.1\aspectjweaver-1.6.1.jar;C:\J2EE\apache-maven\repository\org\springframework\spring-web\2.5.6.SEC01\spring-web-2.5.6.SEC01.jar;C:\J2EE\apache-maven\repository\org\springframework\spring-context-support\2.5.6.SEC01\spring-context-support-2.5.6.SEC01.jar;C:\J2EE\apache-maven\repository\org\springframework\spring-test\2.5.6.SEC01\spring-test-2.5.6.SEC01.jar;C:\J2EE\apache-maven\repository\junit\junit\3.8.1\junit-3.8.1.jar;C:\J2EE\apache-maven\repository\org\springframework\security\spring-security-core-tiger\2.0.4\spring-security-core-tiger-2.0.4.jar;C:\J2EE\apache-maven\repository\org\springframework\security\spring-security-core\2.0.4\spring-security-core-2.0.4.jar;C:\J2EE\apache-maven\repository\commons-codec\commons-codec\1.3\commons-codec-1.3.jar;C:\J2EE\apache-maven\repository\commons-collections\commons-collections\3.2\commons-collections-3.2.jar;C:\J2EE\apache-maven\repository\org\springframework\security\spring-security-acl\2.0.4\spring-security-acl-2.0.4.jar;C:\J2EE\apache-maven\repository\org\springframework\security\spring-security-taglibs\2.0.4\spring-security-taglibs-2.0.4.jar;C:\J2EE\apache-maven\repository\commons-beanutils\commons-beanutils\1.7.0\commons-beanutils-1.7.0.jar;C:\J2EE\apache-maven\repository\commons-lang\commons-lang\2.3\commons-lang-2.3.jar;C:\J2EE\apache-maven\repository\javax\mail\mail\1.4\mail-1.4.jar;C:\J2EE\apache-maven\repository\javax\activation\activation\1.1\activation-1.1.jar;C:\J2EE\apache-maven\repository\net\sf\ehcache\ehcache\1.5.0\ehcache-1.5.0.jar;C:\J2EE\apache-maven\repository\backport-util-concurrent\backport-util-concurrent\3.1\backport-util-concurrent-3.1.jar;C:\J2EE\apache-maven\repository\net\sf\jsr107cache\jsr107cache\1.0\jsr107cache-1.0.jar;C:\J2EE\apache-maven\repository\jmock\jmock\1.1.0\jmock-1.1.0.jar;C:\J2EE\apache-maven\repository\org\subethamail\subethasmtp-wiser\1.2\subethasmtp-wiser-1.2.jar;C:\J2EE\apache-maven\repository\org\subethamail\subethasmtp-smtp\1.2\subethasmtp-smtp-1.2.jar;C:\J2EE\apache-maven\repository\velocity\velocity\1.4\velocity-1.4.jar;C:\J2EE\apache-maven\repository\velocity\velocity-dep\1.4\velocity-dep-1.4.jar;C:\J2EE\apache-maven\repository\xerces\xercesImpl\2.8.0\xercesImpl-2.8.0.jar;C:\J2EE\apache-maven\repository\com\thoughtworks\xstream\xstream\1.1.2\xstream-1.1.2.jar;C:\J2EE\apache-maven\repository\xpp3\xpp3_min\1.1.3.4.O\xpp3_min-1.1.3.4.O.jar;C:\J2EE\apache-maven\repository\ognl\ognl\2.7.3\ognl-2.7.3.jar;C:\J2EE\apache-maven\repository\jboss\javassist\3.7.ga\javassist-3.7.ga.jar;C:\J2EE\apache-maven\repository\commons-vfs\commons-vfs\20050307052300\commons-vfs-20050307052300.jar;C:\J2EE\apache-maven\repository\opensymphony\oscache\2.3\oscache-2.3.jar;C:\J2EE\apache-maven\repository\org\hibernate\hibernate-oscache\3.3.2.GA\hibernate-oscache-3.3.2.GA.jar;C:\J2EE\apache-maven\repository\log4j\log4j\1.2.15\log4j-1.2.15.jar;C:\J2EE\apache-maven\repository\javax\jms\jms\1.1\jms-1.1.jar;C:\J2EE\apache-maven\repository\com\sun\jdmk\jmxtools\1.2.1\jmxtools-1.2.1.jar;C:\J2EE\apache-maven\repository\com\sun\jmx\jmxri\1.2.1\jmxri-1.2.1.jar;C:\J2EE\apache-maven\repository\org\slf4j\slf4j-log4j12\1.5.6\slf4j-log4j12-1.5.6.jar;C:\J2EE\apache-maven\repository\org\apache\axis2\axis2-kernel\1.4\axis2-kernel-1.4.jar;C:\J2EE\apache-maven\repository\javax\servlet\servlet-api\2.3\servlet-api-2.3.jar;C:\J2EE\apache-maven\repository\commons-httpclient\commons-httpclient\3.1\commons-httpclient-3.1.jar;C:\J2EE\apache-maven\repository\commons-fileupload\commons-fileupload\1.2\commons-fileupload-1.2.jar;C:\J2EE\apache-maven\repository\org\apache\httpcomponents\httpcore\4.0-beta1\httpcore-4.0-beta1.jar;C:\J2EE\apache-maven\repository\org\apache\httpcomponents\httpcore-nio\4.0-beta1\httpcore-nio-4.0-beta1.jar;C:\J2EE\apache-maven\repository\wsdl4j\wsdl4j\1.6.2\wsdl4j-1.6.2.jar;C:\J2EE\apache-maven\repository\org\codehaus\woodstox\wstx-asl\3.2.4\wstx-asl-3.2.4.jar;C:\J2EE\apache-maven\repository\org\apache\ws\commons\schema\XmlSchema\1.4.2\XmlSchema-1.4.2.jar;C:\J2EE\apache-maven\repository\org\apache\neethi\neethi\2.0.4\neethi-2.0.4.jar;C:\J2EE\apache-maven\repository\org\apache\ws\commons\axiom\axiom-api\1.2.7\axiom-api-1.2.7.jar;C:\J2EE\apache-maven\repository\org\apache\geronimo\specs\geronimo-activation_1.1_spec\1.0.1\geronimo-activation_1.1_spec-1.0.1.jar;C:\J2EE\apache-maven\repository\org\apache\geronimo\specs\geronimo-javamail_1.4_spec\1.2\geronimo-javamail_1.4_spec-1.2.jar;C:\J2EE\apache-maven\repository\jaxen\jaxen\1.1.1\jaxen-1.1.1.jar;C:\J2EE\apache-maven\repository\org\apache\geronimo\specs\geronimo-stax-api_1.0_spec\1.0.1\geronimo-stax-api_1.0_spec-1.0.1.jar;C:\J2EE\apache-maven\repository\org\apache\ws\commons\axiom\axiom-impl\1.2.7\axiom-impl-1.2.7.jar;C:\J2EE\apache-maven\repository\org\apache\woden\woden-api\1.0M8\woden-api-1.0M8.jar;C:\J2EE\apache-maven\repository\org\apache\ant\ant\1.7.0\ant-1.7.0.jar;C:\J2EE\apache-maven\repository\org\apache\ant\ant-launcher\1.7.0\ant-launcher-1.7.0.jar;C:\J2EE\apache-maven\repository\xerces\xmlParserAPIs\2.6.0\xmlParserAPIs-2.6.0.jar;C:\J2EE\apache-maven\repository\org\apache\woden\woden-impl-dom\1.0M8\woden-impl-dom-1.0M8.jar;C:\J2EE\apache-maven\repository\annogen\annogen\0.1.0\annogen-0.1.0.jar;C:\J2EE\apache-maven\repository\org\apache\geronimo\specs\geronimo-jms_1.1_spec\1.1\geronimo-jms_1.1_spec-1.1.jar;C:\J2EE\apache-maven\repository\org\apache\ws\commons\axiom\axiom-dom\1.2.7\axiom-dom-1.2.7.jar;C:\J2EE\apache-maven\repository\xalan\xalan\2.7.0\xalan-2.7.0.jar;C:\J2EE\apache-maven\repository\commons-io\commons-io\1.4\commons-io-1.4.jar;C:\J2EE\apache-maven\repository\org\apache\axis2\axis2-adb\1.4\axis2-adb-1.4.jar;C:\J2EE\apache-maven\repository\org\apache\axis2\axis2-jaxws\1.4\axis2-jaxws-1.4.jar;C:\J2EE\apache-maven\repository\org\apache\geronimo\specs\geronimo-annotation_1.0_spec\1.1\geronimo-annotation_1.0_spec-1.1.jar;C:\J2EE\apache-maven\repository\org\apache\axis2\axis2-jaxws-api\1.4\axis2-jaxws-api-1.4.jar;C:\J2EE\apache-maven\repository\org\apache\axis2\axis2-saaj-api\1.4\axis2-saaj-api-1.4.jar;C:\J2EE\apache-maven\repository\javax\xml\bind\jaxb-api\2.1\jaxb-api-2.1.jar;C:\J2EE\apache-maven\repository\org\apache\axis2\axis2-saaj\1.4\axis2-saaj-1.4.jar;C:\J2EE\apache-maven\repository\org\apache\axis2\axis2-metadata\1.4\axis2-metadata-1.4.jar;C:\J2EE\apache-maven\repository\org\apache\axis2\axis2-jws-api\1.4\axis2-jws-api-1.4.jar;C:\J2EE\apache-maven\repository\xml-resolver\xml-resolver\1.2\xml-resolver-1.2.jar;C:\J2EE\apache-maven\repository\com\sun\xml\bind\jaxb-impl\2.1.6\jaxb-impl-2.1.6.jar;C:\J2EE\apache-maven\repository\com\sun\xml\bind\jaxb-xjc\2.1.6\jaxb-xjc-2.1.6.jar;C:\J2EE\apache-maven\repository\jdom\jdom\1.0\jdom-1.0.jar;C:\J2EE\apache-maven\repository\xom\xom\1.0\xom-1.0.jar;C:\J2EE\apache-maven\repository\com\ibm\icu\icu4j\2.6.1\icu4j-2.6.1.jar;C:\J2EE\apache-maven\repository\javax\xml\stream\stax-api\1.0-2\stax-api-1.0-2.jar;C:\J2EE\apache-maven\repository\org\apache\axis2\axis2-spring\1.4\axis2-spring-1.4.jar;"/>
    <property name="java.specification.name" value="Java Platform API Specification"/>
    <property name="java.class.version" value="50.0"/>
    <property name="sun.management.compiler" value="HotSpot Client Compiler"/>
    <property name="os.version" value="6.1"/>
    <property name="user.home" value="C:\Users\cyague"/>
    <property name="user.timezone" value="Europe/Paris"/>
    <property name="java.awt.printerjob" value="sun.awt.windows.WPrinterJob"/>
    <property name="java.specification.version" value="1.6"/>
    <property name="file.encoding" value="Cp1252"/>
    <property name="user.name" value="cyague"/>
    <property name="java.class.path" value="C:\PFC\crudfw\crudfw-commons\crudfw-common-core\target\test-classes;C:\PFC\crudfw\crudfw-commons\crudfw-common-core\target\classes;C:\PFC\crudfw\crudfw-commons\crudfw-common-utils\target\crudfw-common-utils-1.0-SNAPSHOT.jar;C:\J2EE\apache-maven\repository\org\springframework\spring-jdbc\2.5.6.SEC01\spring-jdbc-2.5.6.SEC01.jar;C:\J2EE\apache-maven\repository\commons-logging\commons-logging\1.1.1\commons-logging-1.1.1.jar;C:\J2EE\apache-maven\repository\org\springframework\spring-beans\2.5.6.SEC01\spring-beans-2.5.6.SEC01.jar;C:\J2EE\apache-maven\repository\org\springframework\spring-core\2.5.6.SEC01\spring-core-2.5.6.SEC01.jar;C:\J2EE\apache-maven\repository\org\springframework\spring-context\2.5.6.SEC01\spring-context-2.5.6.SEC01.jar;C:\J2EE\apache-maven\repository\aopalliance\aopalliance\1.0\aopalliance-1.0.jar;C:\J2EE\apache-maven\repository\org\springframework\spring-tx\2.5.6.SEC01\spring-tx-2.5.6.SEC01.jar;C:\J2EE\apache-maven\repository\org\springframework\spring-orm\2.5.6.SEC01\spring-orm-2.5.6.SEC01.jar;C:\J2EE\apache-maven\repository\org\springframework\spring-aop\2.5.6.SEC01\spring-aop-2.5.6.SEC01.jar;C:\J2EE\apache-maven\repository\org\hibernate\hibernate-core\3.3.2.GA\hibernate-core-3.3.2.GA.jar;C:\J2EE\apache-maven\repository\antlr\antlr\2.7.6\antlr-2.7.6.jar;C:\J2EE\apache-maven\repository\dom4j\dom4j\1.6.1\dom4j-1.6.1.jar;C:\J2EE\apache-maven\repository\xml-apis\xml-apis\1.3.03\xml-apis-1.3.03.jar;C:\J2EE\apache-maven\repository\javax\transaction\jta\1.1\jta-1.1.jar;C:\J2EE\apache-maven\repository\org\slf4j\slf4j-api\1.5.6\slf4j-api-1.5.6.jar;C:\J2EE\apache-maven\repository\javax\persistence\persistence-api\1.0\persistence-api-1.0.jar;C:\J2EE\apache-maven\repository\org\hibernate\hibernate-annotations\3.4.0.GA\hibernate-annotations-3.4.0.GA.jar;C:\J2EE\apache-maven\repository\org\hibernate\ejb3-persistence\1.0.2.GA\ejb3-persistence-1.0.2.GA.jar;C:\J2EE\apache-maven\repository\org\hibernate\hibernate-commons-annotations\3.1.0.GA\hibernate-commons-annotations-3.1.0.GA.jar;C:\J2EE\apache-maven\repository\org\springframework\spring-aspects\2.5.6.SEC01\spring-aspects-2.5.6.SEC01.jar;C:\J2EE\apache-maven\repository\org\aspectj\aspectjrt\1.6.1\aspectjrt-1.6.1.jar;C:\J2EE\apache-maven\repository\org\aspectj\aspectjweaver\1.6.1\aspectjweaver-1.6.1.jar;C:\J2EE\apache-maven\repository\org\springframework\spring-web\2.5.6.SEC01\spring-web-2.5.6.SEC01.jar;C:\J2EE\apache-maven\repository\org\springframework\spring-context-support\2.5.6.SEC01\spring-context-support-2.5.6.SEC01.jar;C:\J2EE\apache-maven\repository\org\springframework\spring-test\2.5.6.SEC01\spring-test-2.5.6.SEC01.jar;C:\J2EE\apache-maven\repository\junit\junit\3.8.1\junit-3.8.1.jar;C:\J2EE\apache-maven\repository\org\springframework\security\spring-security-core-tiger\2.0.4\spring-security-core-tiger-2.0.4.jar;C:\J2EE\apache-maven\repository\org\springframework\security\spring-security-core\2.0.4\spring-security-core-2.0.4.jar;C:\J2EE\apache-maven\repository\commons-codec\commons-codec\1.3\commons-codec-1.3.jar;C:\J2EE\apache-maven\repository\commons-collections\commons-collections\3.2\commons-collections-3.2.jar;C:\J2EE\apache-maven\repository\org\springframework\security\spring-security-acl\2.0.4\spring-security-acl-2.0.4.jar;C:\J2EE\apache-maven\repository\org\springframework\security\spring-security-taglibs\2.0.4\spring-security-taglibs-2.0.4.jar;C:\J2EE\apache-maven\repository\commons-beanutils\commons-beanutils\1.7.0\commons-beanutils-1.7.0.jar;C:\J2EE\apache-maven\repository\commons-lang\commons-lang\2.3\commons-lang-2.3.jar;C:\J2EE\apache-maven\repository\javax\mail\mail\1.4\mail-1.4.jar;C:\J2EE\apache-maven\repository\javax\activation\activation\1.1\activation-1.1.jar;C:\J2EE\apache-maven\repository\net\sf\ehcache\ehcache\1.5.0\ehcache-1.5.0.jar;C:\J2EE\apache-maven\repository\backport-util-concurrent\backport-util-concurrent\3.1\backport-util-concurrent-3.1.jar;C:\J2EE\apache-maven\repository\net\sf\jsr107cache\jsr107cache\1.0\jsr107cache-1.0.jar;C:\J2EE\apache-maven\repository\jmock\jmock\1.1.0\jmock-1.1.0.jar;C:\J2EE\apache-maven\repository\org\subethamail\subethasmtp-wiser\1.2\subethasmtp-wiser-1.2.jar;C:\J2EE\apache-maven\repository\org\subethamail\subethasmtp-smtp\1.2\subethasmtp-smtp-1.2.jar;C:\J2EE\apache-maven\repository\velocity\velocity\1.4\velocity-1.4.jar;C:\J2EE\apache-maven\repository\velocity\velocity-dep\1.4\velocity-dep-1.4.jar;C:\J2EE\apache-maven\repository\xerces\xercesImpl\2.8.0\xercesImpl-2.8.0.jar;C:\J2EE\apache-maven\repository\com\thoughtworks\xstream\xstream\1.1.2\xstream-1.1.2.jar;C:\J2EE\apache-maven\repository\xpp3\xpp3_min\1.1.3.4.O\xpp3_min-1.1.3.4.O.jar;C:\J2EE\apache-maven\repository\ognl\ognl\2.7.3\ognl-2.7.3.jar;C:\J2EE\apache-maven\repository\jboss\javassist\3.7.ga\javassist-3.7.ga.jar;C:\J2EE\apache-maven\repository\commons-vfs\commons-vfs\20050307052300\commons-vfs-20050307052300.jar;C:\J2EE\apache-maven\repository\opensymphony\oscache\2.3\oscache-2.3.jar;C:\J2EE\apache-maven\repository\org\hibernate\hibernate-oscache\3.3.2.GA\hibernate-oscache-3.3.2.GA.jar;C:\J2EE\apache-maven\repository\log4j\log4j\1.2.15\log4j-1.2.15.jar;C:\J2EE\apache-maven\repository\javax\jms\jms\1.1\jms-1.1.jar;C:\J2EE\apache-maven\repository\com\sun\jdmk\jmxtools\1.2.1\jmxtools-1.2.1.jar;C:\J2EE\apache-maven\repository\com\sun\jmx\jmxri\1.2.1\jmxri-1.2.1.jar;C:\J2EE\apache-maven\repository\org\slf4j\slf4j-log4j12\1.5.6\slf4j-log4j12-1.5.6.jar;C:\J2EE\apache-maven\repository\org\apache\axis2\axis2-kernel\1.4\axis2-kernel-1.4.jar;C:\J2EE\apache-maven\repository\javax\servlet\servlet-api\2.3\servlet-api-2.3.jar;C:\J2EE\apache-maven\repository\commons-httpclient\commons-httpclient\3.1\commons-httpclient-3.1.jar;C:\J2EE\apache-maven\repository\commons-fileupload\commons-fileupload\1.2\commons-fileupload-1.2.jar;C:\J2EE\apache-maven\repository\org\apache\httpcomponents\httpcore\4.0-beta1\httpcore-4.0-beta1.jar;C:\J2EE\apache-maven\repository\org\apache\httpcomponents\httpcore-nio\4.0-beta1\httpcore-nio-4.0-beta1.jar;C:\J2EE\apache-maven\repository\wsdl4j\wsdl4j\1.6.2\wsdl4j-1.6.2.jar;C:\J2EE\apache-maven\repository\org\codehaus\woodstox\wstx-asl\3.2.4\wstx-asl-3.2.4.jar;C:\J2EE\apache-maven\repository\org\apache\ws\commons\schema\XmlSchema\1.4.2\XmlSchema-1.4.2.jar;C:\J2EE\apache-maven\repository\org\apache\neethi\neethi\2.0.4\neethi-2.0.4.jar;C:\J2EE\apache-maven\repository\org\apache\ws\commons\axiom\axiom-api\1.2.7\axiom-api-1.2.7.jar;C:\J2EE\apache-maven\repository\org\apache\geronimo\specs\geronimo-activation_1.1_spec\1.0.1\geronimo-activation_1.1_spec-1.0.1.jar;C:\J2EE\apache-maven\repository\org\apache\geronimo\specs\geronimo-javamail_1.4_spec\1.2\geronimo-javamail_1.4_spec-1.2.jar;C:\J2EE\apache-maven\repository\jaxen\jaxen\1.1.1\jaxen-1.1.1.jar;C:\J2EE\apache-maven\repository\org\apache\geronimo\specs\geronimo-stax-api_1.0_spec\1.0.1\geronimo-stax-api_1.0_spec-1.0.1.jar;C:\J2EE\apache-maven\repository\org\apache\ws\commons\axiom\axiom-impl\1.2.7\axiom-impl-1.2.7.jar;C:\J2EE\apache-maven\repository\org\apache\woden\woden-api\1.0M8\woden-api-1.0M8.jar;C:\J2EE\apache-maven\repository\org\apache\ant\ant\1.7.0\ant-1.7.0.jar;C:\J2EE\apache-maven\repository\org\apache\ant\ant-launcher\1.7.0\ant-launcher-1.7.0.jar;C:\J2EE\apache-maven\repository\xerces\xmlParserAPIs\2.6.0\xmlParserAPIs-2.6.0.jar;C:\J2EE\apache-maven\repository\org\apache\woden\woden-impl-dom\1.0M8\woden-impl-dom-1.0M8.jar;C:\J2EE\apache-maven\repository\annogen\annogen\0.1.0\annogen-0.1.0.jar;C:\J2EE\apache-maven\repository\org\apache\geronimo\specs\geronimo-jms_1.1_spec\1.1\geronimo-jms_1.1_spec-1.1.jar;C:\J2EE\apache-maven\repository\org\apache\ws\commons\axiom\axiom-dom\1.2.7\axiom-dom-1.2.7.jar;C:\J2EE\apache-maven\repository\xalan\xalan\2.7.0\xalan-2.7.0.jar;C:\J2EE\apache-maven\repository\commons-io\commons-io\1.4\commons-io-1.4.jar;C:\J2EE\apache-maven\repository\org\apache\axis2\axis2-adb\1.4\axis2-adb-1.4.jar;C:\J2EE\apache-maven\repository\org\apache\axis2\axis2-jaxws\1.4\axis2-jaxws-1.4.jar;C:\J2EE\apache-maven\repository\org\apache\geronimo\specs\geronimo-annotation_1.0_spec\1.1\geronimo-annotation_1.0_spec-1.1.jar;C:\J2EE\apache-maven\repository\org\apache\axis2\axis2-jaxws-api\1.4\axis2-jaxws-api-1.4.jar;C:\J2EE\apache-maven\repository\org\apache\axis2\axis2-saaj-api\1.4\axis2-saaj-api-1.4.jar;C:\J2EE\apache-maven\repository\javax\xml\bind\jaxb-api\2.1\jaxb-api-2.1.jar;C:\J2EE\apache-maven\repository\org\apache\axis2\axis2-saaj\1.4\axis2-saaj-1.4.jar;C:\J2EE\apache-maven\repository\org\apache\axis2\axis2-metadata\1.4\axis2-metadata-1.4.jar;C:\J2EE\apache-maven\repository\org\apache\axis2\axis2-jws-api\1.4\axis2-jws-api-1.4.jar;C:\J2EE\apache-maven\repository\xml-resolver\xml-resolver\1.2\xml-resolver-1.2.jar;C:\J2EE\apache-maven\repository\com\sun\xml\bind\jaxb-impl\2.1.6\jaxb-impl-2.1.6.jar;C:\J2EE\apache-maven\repository\com\sun\xml\bind\jaxb-xjc\2.1.6\jaxb-xjc-2.1.6.jar;C:\J2EE\apache-maven\repository\jdom\jdom\1.0\jdom-1.0.jar;C:\J2EE\apache-maven\repository\xom\xom\1.0\xom-1.0.jar;C:\J2EE\apache-maven\repository\com\ibm\icu\icu4j\2.6.1\icu4j-2.6.1.jar;C:\J2EE\apache-maven\repository\javax\xml\stream\stax-api\1.0-2\stax-api-1.0-2.jar;C:\J2EE\apache-maven\repository\org\apache\axis2\axis2-spring\1.4\axis2-spring-1.4.jar;"/>
    <property name="java.vm.specification.version" value="1.0"/>
    <property name="sun.arch.data.model" value="32"/>
    <property name="java.home" value="C:\J2EE\jdk\jdk1.6.0_17\jre"/>
    <property name="java.specification.vendor" value="Sun Microsystems Inc."/>
    <property name="user.language" value="es"/>
    <property name="awt.toolkit" value="sun.awt.windows.WToolkit"/>
    <property name="java.vm.info" value="mixed mode, sharing"/>
    <property name="java.version" value="1.6.0_17"/>
    <property name="java.ext.dirs" value="C:\J2EE\jdk\jdk1.6.0_17\jre\lib\ext;C:\Windows\Sun\Java\lib\ext"/>
    <property name="sun.boot.class.path" value="C:\J2EE\jdk\jdk1.6.0_17\jre\lib\resources.jar;C:\J2EE\jdk\jdk1.6.0_17\jre\lib\rt.jar;C:\J2EE\jdk\jdk1.6.0_17\jre\lib\sunrsasign.jar;C:\J2EE\jdk\jdk1.6.0_17\jre\lib\jsse.jar;C:\J2EE\jdk\jdk1.6.0_17\jre\lib\jce.jar;C:\J2EE\jdk\jdk1.6.0_17\jre\lib\charsets.jar;C:\J2EE\jdk\jdk1.6.0_17\jre\classes"/>
    <property name="java.vendor" value="Sun Microsystems Inc."/>
    <property name="localRepository" value="C:\J2EE\apache-maven\repository"/>
    <property name="file.separator" value="\"/>
    <property name="java.vendor.url.bug" value="http://java.sun.com/cgi-bin/bugreport.cgi"/>
    <property name="sun.cpu.endian" value="little"/>
    <property name="sun.io.unicode.encoding" value="UnicodeLittle"/>
    <property name="sun.desktop" value="windows"/>
    <property name="sun.cpu.isalist" value="pentium_pro+mmx pentium_pro pentium+mmx pentium i486 i386 i86"/>
  </properties>
  <testcase time="0" classname="org.librae.common.util.DateUtilTest" name="testGetDate"/>
  <testcase time="0.001" classname="org.librae.common.util.DateUtilTest" name="testGetDateTime"/>
</testsuite>